{
  "uid" : "bed1c707af1e2d1d",
  "name" : "Logout test after a successful registration test",
  "fullName" : "LoginPageTest.logoutTest",
  "historyId" : "d4f1cd038c5591d6a8b10d63f88ea8bb",
  "time" : {
    "start" : 1629307387068,
    "stop" : 1629307420500,
    "duration" : 33432
  },
  "description" : "",
  "status" : "broken",
  "statusMessage" : "Expected condition failed: waiting for visibility of element located by By.id: email (tried for 10 second(s) with 500 milliseconds interval)",
  "statusTrace" : "org.openqa.selenium.TimeoutException: Expected condition failed: waiting for visibility of element located by By.id: email (tried for 10 second(s) with 500 milliseconds interval)\n\tat org.openqa.selenium.support.ui.WebDriverWait.timeoutException(WebDriverWait.java:95)\n\tat org.openqa.selenium.support.ui.FluentWait.until(FluentWait.java:272)\n\tat pages.LoginPage.fillOutLoginDetails(LoginPage.java:136)\n\tat pages.LoginPage.login(LoginPage.java:146)\n\tat LoginPageTest.logoutTest(LoginPageTest.java:55)\n\tat java.base/jdk.internal.reflect.NativeMethodAccessorImpl.invoke0(Native Method)\n\tat java.base/jdk.internal.reflect.NativeMethodAccessorImpl.invoke(NativeMethodAccessorImpl.java:78)\n\tat java.base/jdk.internal.reflect.DelegatingMethodAccessorImpl.invoke(DelegatingMethodAccessorImpl.java:43)\n\tat java.base/java.lang.reflect.Method.invoke(Method.java:567)\n\tat org.junit.platform.commons.util.ReflectionUtils.invokeMethod(ReflectionUtils.java:688)\n\tat org.junit.jupiter.engine.execution.MethodInvocation.proceed(MethodInvocation.java:60)\n\tat org.junit.jupiter.engine.execution.InvocationInterceptorChain$ValidatingInvocation.proceed(InvocationInterceptorChain.java:131)\n\tat org.junit.jupiter.engine.extension.TimeoutExtension.intercept(TimeoutExtension.java:149)\n\tat org.junit.jupiter.engine.extension.TimeoutExtension.interceptTestableMethod(TimeoutExtension.java:140)\n\tat org.junit.jupiter.engine.extension.TimeoutExtension.interceptTestMethod(TimeoutExtension.java:84)\n\tat org.junit.jupiter.engine.execution.ExecutableInvoker$ReflectiveInterceptorCall.lambda$ofVoidMethod$0(ExecutableInvoker.java:115)\n\tat org.junit.jupiter.engine.execution.ExecutableInvoker.lambda$invoke$0(ExecutableInvoker.java:105)\n\tat org.junit.jupiter.engine.execution.InvocationInterceptorChain$InterceptedInvocation.proceed(InvocationInterceptorChain.java:106)\n\tat org.junit.jupiter.engine.execution.InvocationInterceptorChain.proceed(InvocationInterceptorChain.java:64)\n\tat org.junit.jupiter.engine.execution.InvocationInterceptorChain.chainAndInvoke(InvocationInterceptorChain.java:45)\n\tat org.junit.jupiter.engine.execution.InvocationInterceptorChain.invoke(InvocationInterceptorChain.java:37)\n\tat org.junit.jupiter.engine.execution.ExecutableInvoker.invoke(ExecutableInvoker.java:104)\n\tat org.junit.jupiter.engine.execution.ExecutableInvoker.invoke(ExecutableInvoker.java:98)\n\tat org.junit.jupiter.engine.descriptor.TestMethodTestDescriptor.lambda$invokeTestMethod$6(TestMethodTestDescriptor.java:210)\n\tat org.junit.platform.engine.support.hierarchical.ThrowableCollector.execute(ThrowableCollector.java:73)\n\tat org.junit.jupiter.engine.descriptor.TestMethodTestDescriptor.invokeTestMethod(TestMethodTestDescriptor.java:206)\n\tat org.junit.jupiter.engine.descriptor.TestMethodTestDescriptor.execute(TestMethodTestDescriptor.java:131)\n\tat org.junit.jupiter.engine.descriptor.TestMethodTestDescriptor.execute(TestMethodTestDescriptor.java:65)\n\tat org.junit.platform.engine.support.hierarchical.NodeTestTask.lambda$executeRecursively$5(NodeTestTask.java:139)\n\tat org.junit.platform.engine.support.hierarchical.ThrowableCollector.execute(ThrowableCollector.java:73)\n\tat org.junit.platform.engine.support.hierarchical.NodeTestTask.lambda$executeRecursively$7(NodeTestTask.java:129)\n\tat org.junit.platform.engine.support.hierarchical.Node.around(Node.java:137)\n\tat org.junit.platform.engine.support.hierarchical.NodeTestTask.lambda$executeRecursively$8(NodeTestTask.java:127)\n\tat org.junit.platform.engine.support.hierarchical.ThrowableCollector.execute(ThrowableCollector.java:73)\n\tat org.junit.platform.engine.support.hierarchical.NodeTestTask.executeRecursively(NodeTestTask.java:126)\n\tat org.junit.platform.engine.support.hierarchical.NodeTestTask.execute(NodeTestTask.java:84)\n\tat org.junit.platform.engine.support.hierarchical.ForkJoinPoolHierarchicalTestExecutorService$ExclusiveTask.compute(ForkJoinPoolHierarchicalTestExecutorService.java:185)\n\tat org.junit.platform.engine.support.hierarchical.ForkJoinPoolHierarchicalTestExecutorService.executeNonConcurrentTasks(ForkJoinPoolHierarchicalTestExecutorService.java:155)\n\tat org.junit.platform.engine.support.hierarchical.ForkJoinPoolHierarchicalTestExecutorService.invokeAll(ForkJoinPoolHierarchicalTestExecutorService.java:135)\n\tat org.junit.platform.engine.support.hierarchical.NodeTestTask.lambda$executeRecursively$5(NodeTestTask.java:143)\n\tat org.junit.platform.engine.support.hierarchical.ThrowableCollector.execute(ThrowableCollector.java:73)\n\tat org.junit.platform.engine.support.hierarchical.NodeTestTask.lambda$executeRecursively$7(NodeTestTask.java:129)\n\tat org.junit.platform.engine.support.hierarchical.Node.around(Node.java:137)\n\tat org.junit.platform.engine.support.hierarchical.NodeTestTask.lambda$executeRecursively$8(NodeTestTask.java:127)\n\tat org.junit.platform.engine.support.hierarchical.ThrowableCollector.execute(ThrowableCollector.java:73)\n\tat org.junit.platform.engine.support.hierarchical.NodeTestTask.executeRecursively(NodeTestTask.java:126)\n\tat org.junit.platform.engine.support.hierarchical.NodeTestTask.execute(NodeTestTask.java:84)\n\tat org.junit.platform.engine.support.hierarchical.ForkJoinPoolHierarchicalTestExecutorService$ExclusiveTask.compute(ForkJoinPoolHierarchicalTestExecutorService.java:185)\n\tat org.junit.platform.engine.support.hierarchical.ForkJoinPoolHierarchicalTestExecutorService.invokeAll(ForkJoinPoolHierarchicalTestExecutorService.java:129)\n\tat org.junit.platform.engine.support.hierarchical.NodeTestTask.lambda$executeRecursively$5(NodeTestTask.java:143)\n\tat org.junit.platform.engine.support.hierarchical.ThrowableCollector.execute(ThrowableCollector.java:73)\n\tat org.junit.platform.engine.support.hierarchical.NodeTestTask.lambda$executeRecursively$7(NodeTestTask.java:129)\n\tat org.junit.platform.engine.support.hierarchical.Node.around(Node.java:137)\n\tat org.junit.platform.engine.support.hierarchical.NodeTestTask.lambda$executeRecursively$8(NodeTestTask.java:127)\n\tat org.junit.platform.engine.support.hierarchical.ThrowableCollector.execute(ThrowableCollector.java:73)\n\tat org.junit.platform.engine.support.hierarchical.NodeTestTask.executeRecursively(NodeTestTask.java:126)\n\tat org.junit.platform.engine.support.hierarchical.NodeTestTask.execute(NodeTestTask.java:84)\n\tat org.junit.platform.engine.support.hierarchical.ForkJoinPoolHierarchicalTestExecutorService$ExclusiveTask.compute(ForkJoinPoolHierarchicalTestExecutorService.java:185)\n\tat java.base/java.util.concurrent.RecursiveAction.exec(RecursiveAction.java:194)\n\tat java.base/java.util.concurrent.ForkJoinTask.doExec(ForkJoinTask.java:295)\n\tat java.base/java.util.concurrent.ForkJoinPool$WorkQueue.topLevelExec(ForkJoinPool.java:1016)\n\tat java.base/java.util.concurrent.ForkJoinPool.scan(ForkJoinPool.java:1665)\n\tat java.base/java.util.concurrent.ForkJoinPool.runWorker(ForkJoinPool.java:1598)\n\tat java.base/java.util.concurrent.ForkJoinWorkerThread.run(ForkJoinWorkerThread.java:183)\nCaused by: org.openqa.selenium.NoSuchElementException: no such element: Unable to locate element: {\"method\":\"css selector\",\"selector\":\"#email\"}\n  (Session info: headless chrome=92.0.4515.131)\nFor documentation on this error, please visit: https://www.seleniumhq.org/exceptions/no_such_element.html\nBuild info: version: '3.141.59', revision: 'e82be7d358', time: '2018-11-14T08:17:03'\nSystem info: host: 'fv-az82-699', ip: '10.1.0.149', os.name: 'Linux', os.arch: 'amd64', os.version: '5.8.0-1039-azure', java.version: '16.0.2'\nDriver info: org.openqa.selenium.chrome.ChromeDriver\nCapabilities {acceptInsecureCerts: false, browserName: chrome, browserVersion: 92.0.4515.131, chrome: {chromedriverVersion: 92.0.4515.107 (87a818b10553..., userDataDir: /tmp/.com.google.Chrome.g2LmKA}, goog:chromeOptions: {debuggerAddress: localhost:45533}, javascriptEnabled: true, networkConnectionEnabled: false, pageLoadStrategy: normal, platform: LINUX, platformName: LINUX, proxy: Proxy(), setWindowRect: true, strictFileInteractability: false, timeouts: {implicit: 0, pageLoad: 300000, script: 30000}, unhandledPromptBehavior: dismiss and notify, webauthn:extension:credBlob: true, webauthn:extension:largeBlob: true, webauthn:virtualAuthenticators: true}\nSession ID: f87f9e9ddf68635425b1e3c1c7cc5e56\n*** Element info: {Using=id, value=email}\n\tat java.base/jdk.internal.reflect.NativeConstructorAccessorImpl.newInstance0(Native Method)\n\tat java.base/jdk.internal.reflect.NativeConstructorAccessorImpl.newInstance(NativeConstructorAccessorImpl.java:78)\n\tat java.base/jdk.internal.reflect.DelegatingConstructorAccessorImpl.newInstance(DelegatingConstructorAccessorImpl.java:45)\n\tat java.base/java.lang.reflect.Constructor.newInstanceWithCaller(Constructor.java:499)\n\tat java.base/java.lang.reflect.Constructor.newInstance(Constructor.java:480)\n\tat org.openqa.selenium.remote.http.W3CHttpResponseCodec.createException(W3CHttpResponseCodec.java:187)\n\tat org.openqa.selenium.remote.http.W3CHttpResponseCodec.decode(W3CHttpResponseCodec.java:122)\n\tat org.openqa.selenium.remote.http.W3CHttpResponseCodec.decode(W3CHttpResponseCodec.java:49)\n\tat org.openqa.selenium.remote.HttpCommandExecutor.execute(HttpCommandExecutor.java:158)\n\tat org.openqa.selenium.remote.service.DriverCommandExecutor.execute(DriverCommandExecutor.java:83)\n\tat org.openqa.selenium.remote.RemoteWebDriver.execute(RemoteWebDriver.java:552)\n\tat org.openqa.selenium.remote.RemoteWebDriver.findElement(RemoteWebDriver.java:323)\n\tat org.openqa.selenium.remote.RemoteWebDriver.findElementById(RemoteWebDriver.java:372)\n\tat org.openqa.selenium.By$ById.findElement(By.java:188)\n\tat org.openqa.selenium.remote.RemoteWebDriver.findElement(RemoteWebDriver.java:315)\n\tat org.openqa.selenium.support.ui.ExpectedConditions$7.apply(ExpectedConditions.java:205)\n\tat org.openqa.selenium.support.ui.ExpectedConditions$7.apply(ExpectedConditions.java:201)\n\tat org.openqa.selenium.support.ui.FluentWait.until(FluentWait.java:249)\n\t... 62 more\n",
  "flaky" : false,
  "newFailed" : false,
  "beforeStages" : [ ],
  "afterStages" : [ ],
  "labels" : [ {
    "name" : "host",
    "value" : "fv-az82-699"
  }, {
    "name" : "thread",
    "value" : "4903@fv-az82-699.ForkJoinPool-1-worker-3(16)"
  }, {
    "name" : "framework",
    "value" : "junit-platform"
  }, {
    "name" : "language",
    "value" : "java"
  }, {
    "name" : "package",
    "value" : "LoginPageTest"
  }, {
    "name" : "testClass",
    "value" : "LoginPageTest"
  }, {
    "name" : "testMethod",
    "value" : "logoutTest"
  }, {
    "name" : "suite",
    "value" : "LoginPageTest"
  }, {
    "name" : "resultFormat",
    "value" : "allure2"
  } ],
  "parameters" : [ ],
  "links" : [ ],
  "hidden" : false,
  "retry" : false,
  "extra" : {
    "severity" : "normal",
    "retries" : [ ],
    "categories" : [ {
      "name" : "Test defects",
      "matchedStatuses" : [ ],
      "flaky" : false
    } ],
    "history" : {
      "statistic" : {
        "failed" : 0,
        "broken" : 9,
        "skipped" : 0,
        "passed" : 4,
        "unknown" : 0,
        "total" : 13
      },
      "items" : [ {
        "uid" : "e18daaa42360691e",
        "reportUrl" : "https://glasst1ger.github.io/automationTestingExam/22//#testresult/e18daaa42360691e",
        "status" : "passed",
        "time" : {
          "start" : 1629306039157,
          "stop" : 1629306063945,
          "duration" : 24788
        }
      }, {
        "uid" : "c676f151f0e07d81",
        "reportUrl" : "https://glasst1ger.github.io/automationTestingExam/21//#testresult/c676f151f0e07d81",
        "status" : "broken",
        "statusDetails" : "unknown error: Chrome failed to start: exited abnormally.\n  (unknown error: DevToolsActivePort file doesn't exist)\n  (The process started from chrome location /usr/bin/google-chrome is no longer running, so ChromeDriver is assuming that Chrome has crashed.)\nBuild info: version: '3.141.59', revision: 'e82be7d358', time: '2018-11-14T08:17:03'\nSystem info: host: 'fv-az47-628', ip: '10.1.1.16', os.name: 'Linux', os.arch: 'amd64', os.version: '5.8.0-1039-azure', java.version: '16.0.2'\nDriver info: driver.version: ChromeDriver\nremote stacktrace: #0 0x564a437c1a63 <unknown>\n#1 0x564a43536458 <unknown>\n#2 0x564a435592e3 <unknown>\n#3 0x564a43554e9f <unknown>\n#4 0x564a4358eb72 <unknown>\n#5 0x564a43588fd3 <unknown>\n#6 0x564a4355f514 <unknown>\n#7 0x564a43560505 <unknown>\n#8 0x564a437ede2e <unknown>\n#9 0x564a43803886 <unknown>\n#10 0x564a437eed75 <unknown>\n#11 0x564a43804d94 <unknown>\n#12 0x564a437e58eb <unknown>\n#13 0x564a4381fcd8 <unknown>\n#14 0x564a4381fe58 <unknown>\n#15 0x564a43839dfd <unknown>\n#16 0x7fc8654df609 start_thread\n",
        "time" : {
          "start" : 1629305430044,
          "stop" : 1629305430237,
          "duration" : 193
        }
      }, {
        "uid" : "75a4ba0102b74fab",
        "reportUrl" : "https://glasst1ger.github.io/automationTestingExam/21//#testresult/75a4ba0102b74fab",
        "status" : "broken",
        "statusDetails" : "unknown error: Chrome failed to start: exited abnormally.\n  (unknown error: DevToolsActivePort file doesn't exist)\n  (The process started from chrome location /usr/bin/google-chrome is no longer running, so ChromeDriver is assuming that Chrome has crashed.)\nBuild info: version: '3.141.59', revision: 'e82be7d358', time: '2018-11-14T08:17:03'\nSystem info: host: 'fv-az72-270', ip: '10.1.0.36', os.name: 'Linux', os.arch: 'amd64', os.version: '5.8.0-1039-azure', java.version: '16.0.2'\nDriver info: driver.version: ChromeDriver\nremote stacktrace: #0 0x55b9603dfa63 <unknown>\n#1 0x55b960154458 <unknown>\n#2 0x55b9601772e3 <unknown>\n#3 0x55b960172e9f <unknown>\n#4 0x55b9601acb72 <unknown>\n#5 0x55b9601a6fd3 <unknown>\n#6 0x55b96017d514 <unknown>\n#7 0x55b96017e505 <unknown>\n#8 0x55b96040be2e <unknown>\n#9 0x55b960421886 <unknown>\n#10 0x55b96040cd75 <unknown>\n#11 0x55b960422d94 <unknown>\n#12 0x55b9604038eb <unknown>\n#13 0x55b96043dcd8 <unknown>\n#14 0x55b96043de58 <unknown>\n#15 0x55b960457dfd <unknown>\n#16 0x7f4c2c715609 start_thread\n",
        "time" : {
          "start" : 1629304692718,
          "stop" : 1629304692920,
          "duration" : 202
        }
      }, {
        "uid" : "b3e1035c2a0e5e7f",
        "reportUrl" : "https://glasst1ger.github.io/automationTestingExam/21//#testresult/b3e1035c2a0e5e7f",
        "status" : "broken",
        "statusDetails" : "unknown error: Chrome failed to start: exited abnormally.\n  (unknown error: DevToolsActivePort file doesn't exist)\n  (The process started from chrome location /usr/bin/google-chrome is no longer running, so ChromeDriver is assuming that Chrome has crashed.)\nBuild info: version: '3.141.59', revision: 'e82be7d358', time: '2018-11-14T08:17:03'\nSystem info: host: 'fv-az82-699', ip: '10.1.1.145', os.name: 'Linux', os.arch: 'amd64', os.version: '5.8.0-1039-azure', java.version: '16.0.2'\nDriver info: driver.version: ChromeDriver\nremote stacktrace: #0 0x55b2967c7a63 <unknown>\n#1 0x55b29653c458 <unknown>\n#2 0x55b29655f2e3 <unknown>\n#3 0x55b29655ae9f <unknown>\n#4 0x55b296594b72 <unknown>\n#5 0x55b29658efd3 <unknown>\n#6 0x55b296565514 <unknown>\n#7 0x55b296566505 <unknown>\n#8 0x55b2967f3e2e <unknown>\n#9 0x55b296809886 <unknown>\n#10 0x55b2967f4d75 <unknown>\n#11 0x55b29680ad94 <unknown>\n#12 0x55b2967eb8eb <unknown>\n#13 0x55b296825cd8 <unknown>\n#14 0x55b296825e58 <unknown>\n#15 0x55b29683fdfd <unknown>\n#16 0x7fd87d877609 start_thread\n",
        "time" : {
          "start" : 1629304363410,
          "stop" : 1629304363598,
          "duration" : 188
        }
      }, {
        "uid" : "e20f678ee39a739b",
        "reportUrl" : "https://glasst1ger.github.io/automationTestingExam/21//#testresult/e20f678ee39a739b",
        "status" : "broken",
        "statusDetails" : "unknown error: Chrome failed to start: exited abnormally.\n  (unknown error: DevToolsActivePort file doesn't exist)\n  (The process started from chrome location /usr/bin/google-chrome is no longer running, so ChromeDriver is assuming that Chrome has crashed.)\nBuild info: version: '3.141.59', revision: 'e82be7d358', time: '2018-11-14T08:17:03'\nSystem info: host: 'fv-az83-229', ip: '10.1.0.195', os.name: 'Linux', os.arch: 'amd64', os.version: '5.8.0-1039-azure', java.version: '16.0.2'\nDriver info: driver.version: ChromeDriver\nremote stacktrace: #0 0x5636a5bb8a63 <unknown>\n#1 0x5636a592d458 <unknown>\n#2 0x5636a59502e3 <unknown>\n#3 0x5636a594be9f <unknown>\n#4 0x5636a5985b72 <unknown>\n#5 0x5636a597ffd3 <unknown>\n#6 0x5636a5956514 <unknown>\n#7 0x5636a5957505 <unknown>\n#8 0x5636a5be4e2e <unknown>\n#9 0x5636a5bfa886 <unknown>\n#10 0x5636a5be5d75 <unknown>\n#11 0x5636a5bfbd94 <unknown>\n#12 0x5636a5bdc8eb <unknown>\n#13 0x5636a5c16cd8 <unknown>\n#14 0x5636a5c16e58 <unknown>\n#15 0x5636a5c30dfd <unknown>\n#16 0x7f96f072d609 start_thread\n",
        "time" : {
          "start" : 1629303379908,
          "stop" : 1629303380095,
          "duration" : 187
        }
      }, {
        "uid" : "7b39835e4ae613c8",
        "reportUrl" : "https://glasst1ger.github.io/automationTestingExam/21//#testresult/7b39835e4ae613c8",
        "status" : "broken",
        "statusDetails" : "unknown error: Chrome failed to start: exited abnormally.\n  (unknown error: DevToolsActivePort file doesn't exist)\n  (The process started from chrome location /usr/bin/google-chrome is no longer running, so ChromeDriver is assuming that Chrome has crashed.)\nBuild info: version: '3.141.59', revision: 'e82be7d358', time: '2018-11-14T08:17:03'\nSystem info: host: 'fv-az72-270', ip: '10.1.1.20', os.name: 'Linux', os.arch: 'amd64', os.version: '5.8.0-1039-azure', java.version: '16.0.2'\nDriver info: driver.version: ChromeDriver\nremote stacktrace: #0 0x559e47453a63 <unknown>\n#1 0x559e471c8458 <unknown>\n#2 0x559e471eb2e3 <unknown>\n#3 0x559e471e6e9f <unknown>\n#4 0x559e47220b72 <unknown>\n#5 0x559e4721afd3 <unknown>\n#6 0x559e471f1514 <unknown>\n#7 0x559e471f2505 <unknown>\n#8 0x559e4747fe2e <unknown>\n#9 0x559e47495886 <unknown>\n#10 0x559e47480d75 <unknown>\n#11 0x559e47496d94 <unknown>\n#12 0x559e474778eb <unknown>\n#13 0x559e474b1cd8 <unknown>\n#14 0x559e474b1e58 <unknown>\n#15 0x559e474cbdfd <unknown>\n#16 0x7fcc42545609 start_thread\n",
        "time" : {
          "start" : 1629301426676,
          "stop" : 1629301426848,
          "duration" : 172
        }
      }, {
        "uid" : "777602aa10279df9",
        "reportUrl" : "https://glasst1ger.github.io/automationTestingExam/19//#testresult/777602aa10279df9",
        "status" : "broken",
        "statusDetails" : "no such element: Unable to locate element: {\"method\":\"css selector\",\"selector\":\"#email\"}\n  (Session info: headless chrome=92.0.4515.131)\nFor documentation on this error, please visit: https://www.seleniumhq.org/exceptions/no_such_element.html\nBuild info: version: '3.141.59', revision: 'e82be7d358', time: '2018-11-14T08:17:03'\nSystem info: host: 'fv-az72-270', ip: '10.1.0.49', os.name: 'Linux', os.arch: 'amd64', os.version: '5.8.0-1039-azure', java.version: '16.0.2'\nDriver info: org.openqa.selenium.chrome.ChromeDriver\nCapabilities {acceptInsecureCerts: false, browserName: chrome, browserVersion: 92.0.4515.131, chrome: {chromedriverVersion: 92.0.4515.107 (87a818b10553..., userDataDir: /tmp/.com.google.Chrome.bPnNXy}, goog:chromeOptions: {debuggerAddress: localhost:32841}, javascriptEnabled: true, networkConnectionEnabled: false, pageLoadStrategy: normal, platform: LINUX, platformName: LINUX, proxy: Proxy(), setWindowRect: true, strictFileInteractability: false, timeouts: {implicit: 0, pageLoad: 300000, script: 30000}, unhandledPromptBehavior: dismiss and notify, webauthn:extension:credBlob: true, webauthn:extension:largeBlob: true, webauthn:virtualAuthenticators: true}\nSession ID: 98a175c7ec9f312bff5c01af497a1347\n*** Element info: {Using=id, value=email}",
        "time" : {
          "start" : 1629300744428,
          "stop" : 1629300775594,
          "duration" : 31166
        }
      }, {
        "uid" : "50628d88f930d3b7",
        "reportUrl" : "https://glasst1ger.github.io/automationTestingExam/18//#testresult/50628d88f930d3b7",
        "status" : "broken",
        "statusDetails" : "no such element: Unable to locate element: {\"method\":\"css selector\",\"selector\":\".login\"}\n  (Session info: headless chrome=92.0.4515.131)\nFor documentation on this error, please visit: https://www.seleniumhq.org/exceptions/no_such_element.html\nBuild info: version: '3.141.59', revision: 'e82be7d358', time: '2018-11-14T08:17:03'\nSystem info: host: 'fv-az82-699', ip: '10.1.1.74', os.name: 'Linux', os.arch: 'amd64', os.version: '5.8.0-1039-azure', java.version: '16.0.2'\nDriver info: org.openqa.selenium.chrome.ChromeDriver\nCapabilities {acceptInsecureCerts: false, browserName: chrome, browserVersion: 92.0.4515.131, chrome: {chromedriverVersion: 92.0.4515.107 (87a818b10553..., userDataDir: /tmp/.com.google.Chrome.7M41Fo}, goog:chromeOptions: {debuggerAddress: localhost:36895}, javascriptEnabled: true, networkConnectionEnabled: false, pageLoadStrategy: normal, platform: LINUX, platformName: LINUX, proxy: Proxy(), setWindowRect: true, strictFileInteractability: false, timeouts: {implicit: 0, pageLoad: 300000, script: 30000}, unhandledPromptBehavior: dismiss and notify, webauthn:extension:credBlob: true, webauthn:extension:largeBlob: true, webauthn:virtualAuthenticators: true}\nSession ID: 3ba452135e89e1b647b418d3ec9ae3e8\n*** Element info: {Using=css selector, value=.login}",
        "time" : {
          "start" : 1629298723248,
          "stop" : 1629298743807,
          "duration" : 20559
        }
      }, {
        "uid" : "c348980067325b00",
        "reportUrl" : "https://glasst1ger.github.io/automationTestingExam/17//#testresult/c348980067325b00",
        "status" : "passed",
        "time" : {
          "start" : 1629293002436,
          "stop" : 1629293022712,
          "duration" : 20276
        }
      }, {
        "uid" : "4ce3a28e69bde312",
        "reportUrl" : "https://glasst1ger.github.io/automationTestingExam/17//#testresult/4ce3a28e69bde312",
        "status" : "passed",
        "time" : {
          "start" : 1629292271835,
          "stop" : 1629292296168,
          "duration" : 24333
        }
      }, {
        "uid" : "70d6b678e51cdd11",
        "reportUrl" : "https://glasst1ger.github.io/automationTestingExam/16//#testresult/70d6b678e51cdd11",
        "status" : "passed",
        "time" : {
          "start" : 1629290031928,
          "stop" : 1629290043259,
          "duration" : 11331
        }
      }, {
        "uid" : "22e70b736e76054b",
        "reportUrl" : "https://glasst1ger.github.io/automationTestingExam/16//#testresult/22e70b736e76054b",
        "status" : "broken",
        "statusDetails" : "no such element: Unable to locate element: {\"method\":\"css selector\",\"selector\":\".logout\"}\n  (Session info: headless chrome=92.0.4515.131)\nFor documentation on this error, please visit: https://www.seleniumhq.org/exceptions/no_such_element.html\nBuild info: version: '3.141.59', revision: 'e82be7d358', time: '2018-11-14T08:17:03'\nSystem info: host: 'fv-az72-270', ip: '10.1.1.80', os.name: 'Linux', os.arch: 'amd64', os.version: '5.8.0-1039-azure', java.version: '16.0.2'\nDriver info: org.openqa.selenium.chrome.ChromeDriver\nCapabilities {acceptInsecureCerts: false, browserName: chrome, browserVersion: 92.0.4515.131, chrome: {chromedriverVersion: 92.0.4515.107 (87a818b10553..., userDataDir: /tmp/.com.google.Chrome.uD7Rbl}, goog:chromeOptions: {debuggerAddress: localhost:43591}, javascriptEnabled: true, networkConnectionEnabled: false, pageLoadStrategy: normal, platform: LINUX, platformName: LINUX, proxy: Proxy(), setWindowRect: true, strictFileInteractability: false, timeouts: {implicit: 0, pageLoad: 300000, script: 30000}, unhandledPromptBehavior: dismiss and notify, webauthn:extension:credBlob: true, webauthn:extension:largeBlob: true, webauthn:virtualAuthenticators: true}\nSession ID: 4a9f4b252d9d117869cf8badcab26ab5\n*** Element info: {Using=css selector, value=.logout}",
        "time" : {
          "start" : 1629289402737,
          "stop" : 1629289422798,
          "duration" : 20061
        }
      } ]
    },
    "tags" : [ ]
  },
  "source" : "bed1c707af1e2d1d.json",
  "parameterValues" : [ ]
}